This file contains any messages produced by compilers while
running configure, to aid debugging if configure makes a mistake.

It was created by agent2d configure 3.1.0, which was
generated by GNU Autoconf 2.67.  Invocation command line was

  $ ./configure 

## --------- ##
## Platform. ##
## --------- ##

hostname = ubuntu
uname -m = x86_64
uname -r = 4.13.0-36-generic
uname -s = Linux
uname -v = #40~16.04.1-Ubuntu SMP Fri Feb 16 23:25:58 UTC 2018

/usr/bin/uname -p = unknown
/bin/uname -X     = unknown

/bin/arch              = unknown
/usr/bin/arch -k       = unknown
/usr/convex/getsysinfo = unknown
/usr/bin/hostinfo      = unknown
/bin/machine           = unknown
/usr/bin/oslevel       = unknown
/bin/universe          = unknown

PATH: /home/cza/bin
PATH: /home/cza/.local/bin
PATH: /usr/local/sbin
PATH: /usr/local/bin
PATH: /usr/sbin
PATH: /usr/bin
PATH: /sbin
PATH: /bin
PATH: /usr/games
PATH: /usr/local/games
PATH: /snap/bin


## ----------- ##
## Core tests. ##
## ----------- ##

configure:2285: checking for a BSD-compatible install
configure:2353: result: /usr/bin/install -c
configure:2364: checking whether build environment is sane
configure:2414: result: yes
configure:2555: checking for a thread-safe mkdir -p
configure:2594: result: /bin/mkdir -p
configure:2607: checking for gawk
configure:2637: result: no
configure:2607: checking for mawk
configure:2623: found /usr/bin/mawk
configure:2634: result: mawk
configure:2645: checking whether make sets $(MAKE)
configure:2667: result: yes
configure:2815: checking for g++
configure:2831: found /usr/bin/g++
configure:2842: result: g++
configure:2869: checking for C++ compiler version
configure:2878: g++ --version >&5
g++ (Ubuntu 5.4.0-6ubuntu1~16.04.11) 5.4.0 20160609
Copyright (C) 2015 Free Software Foundation, Inc.
This is free software; see the source for copying conditions.  There is NO
warranty; not even for MERCHANTABILITY or FITNESS FOR A PARTICULAR PURPOSE.

configure:2889: $? = 0
configure:2878: g++ -v >&5
Using built-in specs.
COLLECT_GCC=g++
COLLECT_LTO_WRAPPER=/usr/lib/gcc/x86_64-linux-gnu/5/lto-wrapper
Target: x86_64-linux-gnu
Configured with: ../src/configure -v --with-pkgversion='Ubuntu 5.4.0-6ubuntu1~16.04.11' --with-bugurl=file:///usr/share/doc/gcc-5/README.Bugs --enable-languages=c,ada,c++,java,go,d,fortran,objc,obj-c++ --prefix=/usr --program-suffix=-5 --enable-shared --enable-linker-build-id --libexecdir=/usr/lib --without-included-gettext --enable-threads=posix --libdir=/usr/lib --enable-nls --with-sysroot=/ --enable-clocale=gnu --enable-libstdcxx-debug --enable-libstdcxx-time=yes --with-default-libstdcxx-abi=new --enable-gnu-unique-object --disable-vtable-verify --enable-libmpx --enable-plugin --with-system-zlib --disable-browser-plugin --enable-java-awt=gtk --enable-gtk-cairo --with-java-home=/usr/lib/jvm/java-1.5.0-gcj-5-amd64/jre --enable-java-home --with-jvm-root-dir=/usr/lib/jvm/java-1.5.0-gcj-5-amd64 --with-jvm-jar-dir=/usr/lib/jvm-exports/java-1.5.0-gcj-5-amd64 --with-arch-directory=amd64 --with-ecj-jar=/usr/share/java/eclipse-ecj.jar --enable-objc-gc --enable-multiarch --disable-werror --with-arch-32=i686 --with-abi=m64 --with-multilib-list=m32,m64,mx32 --enable-multilib --with-tune=generic --enable-checking=release --build=x86_64-linux-gnu --host=x86_64-linux-gnu --target=x86_64-linux-gnu
Thread model: posix
gcc version 5.4.0 20160609 (Ubuntu 5.4.0-6ubuntu1~16.04.11) 
configure:2889: $? = 0
configure:2878: g++ -V >&5
g++: error: unrecognized command line option '-V'
g++: fatal error: no input files
compilation terminated.
configure:2889: $? = 1
configure:2878: g++ -qversion >&5
g++: error: unrecognized command line option '-qversion'
g++: fatal error: no input files
compilation terminated.
configure:2889: $? = 1
configure:2909: checking whether the C++ compiler works
configure:2931: g++    conftest.cpp  >&5
configure:2935: $? = 0
configure:2983: result: yes
configure:2986: checking for C++ compiler default output file name
configure:2988: result: a.out
configure:2994: checking for suffix of executables
configure:3001: g++ -o conftest    conftest.cpp  >&5
configure:3005: $? = 0
configure:3027: result: 
configure:3049: checking whether we are cross compiling
configure:3057: g++ -o conftest    conftest.cpp  >&5
configure:3061: $? = 0
configure:3068: ./conftest
configure:3072: $? = 0
configure:3087: result: no
configure:3092: checking for suffix of object files
configure:3114: g++ -c   conftest.cpp >&5
configure:3118: $? = 0
configure:3139: result: o
configure:3143: checking whether we are using the GNU C++ compiler
configure:3162: g++ -c   conftest.cpp >&5
configure:3162: $? = 0
configure:3171: result: yes
configure:3180: checking whether g++ accepts -g
configure:3200: g++ -c -g  conftest.cpp >&5
configure:3200: $? = 0
configure:3241: result: yes
configure:3275: checking for style of include used by make
configure:3303: result: GNU
configure:3328: checking dependency style of g++
configure:3438: result: gcc3
configure:3501: checking for gcc
configure:3517: found /usr/bin/gcc
configure:3528: result: gcc
configure:3757: checking for C compiler version
configure:3766: gcc --version >&5
gcc (Ubuntu 5.4.0-6ubuntu1~16.04.11) 5.4.0 20160609
Copyright (C) 2015 Free Software Foundation, Inc.
This is free software; see the source for copying conditions.  There is NO
warranty; not even for MERCHANTABILITY or FITNESS FOR A PARTICULAR PURPOSE.

configure:3777: $? = 0
configure:3766: gcc -v >&5
Using built-in specs.
COLLECT_GCC=gcc
COLLECT_LTO_WRAPPER=/usr/lib/gcc/x86_64-linux-gnu/5/lto-wrapper
Target: x86_64-linux-gnu
Configured with: ../src/configure -v --with-pkgversion='Ubuntu 5.4.0-6ubuntu1~16.04.11' --with-bugurl=file:///usr/share/doc/gcc-5/README.Bugs --enable-languages=c,ada,c++,java,go,d,fortran,objc,obj-c++ --prefix=/usr --program-suffix=-5 --enable-shared --enable-linker-build-id --libexecdir=/usr/lib --without-included-gettext --enable-threads=posix --libdir=/usr/lib --enable-nls --with-sysroot=/ --enable-clocale=gnu --enable-libstdcxx-debug --enable-libstdcxx-time=yes --with-default-libstdcxx-abi=new --enable-gnu-unique-object --disable-vtable-verify --enable-libmpx --enable-plugin --with-system-zlib --disable-browser-plugin --enable-java-awt=gtk --enable-gtk-cairo --with-java-home=/usr/lib/jvm/java-1.5.0-gcj-5-amd64/jre --enable-java-home --with-jvm-root-dir=/usr/lib/jvm/java-1.5.0-gcj-5-amd64 --with-jvm-jar-dir=/usr/lib/jvm-exports/java-1.5.0-gcj-5-amd64 --with-arch-directory=amd64 --with-ecj-jar=/usr/share/java/eclipse-ecj.jar --enable-objc-gc --enable-multiarch --disable-werror --with-arch-32=i686 --with-abi=m64 --with-multilib-list=m32,m64,mx32 --enable-multilib --with-tune=generic --enable-checking=release --build=x86_64-linux-gnu --host=x86_64-linux-gnu --target=x86_64-linux-gnu
Thread model: posix
gcc version 5.4.0 20160609 (Ubuntu 5.4.0-6ubuntu1~16.04.11) 
configure:3777: $? = 0
configure:3766: gcc -V >&5
gcc: error: unrecognized command line option '-V'
gcc: fatal error: no input files
compilation terminated.
configure:3777: $? = 1
configure:3766: gcc -qversion >&5
gcc: error: unrecognized command line option '-qversion'
gcc: fatal error: no input files
compilation terminated.
configure:3777: $? = 1
configure:3781: checking whether we are using the GNU C compiler
configure:3800: gcc -c   conftest.c >&5
configure:3800: $? = 0
configure:3809: result: yes
configure:3818: checking whether gcc accepts -g
configure:3838: gcc -c -g  conftest.c >&5
configure:3838: $? = 0
configure:3879: result: yes
configure:3896: checking for gcc option to accept ISO C89
configure:3960: gcc  -c -g -O2  conftest.c >&5
configure:3960: $? = 0
configure:3973: result: none needed
configure:3995: checking dependency style of gcc
configure:4105: result: gcc3
configure:4163: checking for ranlib
configure:4179: found /usr/bin/ranlib
configure:4190: result: ranlib
configure:4212: checking whether ln -s works
configure:4216: result: yes
configure:4275: checking for boostlib >= 1.32.0
configure:4335: g++ -c -g -O2  -I/usr/include conftest.cpp >&5
configure:4335: $? = 0
configure:4337: result: yes
configure:4511: checking for cos in -lm
configure:4536: g++ -o conftest -g -O2  -I/usr/include  -L/usr/lib64 conftest.cpp -lm   >&5
configure:4536: $? = 0
configure:4545: result: yes
configure:4553: checking for deflate in -lz
configure:4578: g++ -o conftest -g -O2  -I/usr/include  -L/usr/lib64 conftest.cpp -lz  -lm  >&5
configure:4578: $? = 0
configure:4587: result: yes
configure:4599: checking for main in -lrcsc_geom
configure:4618: g++ -o conftest -g -O2  -I/usr/include  -L/usr/lib64 conftest.cpp -lrcsc_geom  -lz -lm  >&5
configure:4618: $? = 0
configure:4627: result: yes
configure:4635: checking for main in -lrcsc_rcg
configure:4654: g++ -o conftest -g -O2  -I/usr/include  -L/usr/lib64 conftest.cpp -lrcsc_rcg  -lrcsc_geom -lz -lm  >&5
configure:4654: $? = 0
configure:4663: result: yes
configure:4672: checking for main in -lrcsc_gz
configure:4691: g++ -o conftest -g -O2  -I/usr/include  -L/usr/lib64 conftest.cpp -lrcsc_gz  -lrcsc_rcg -lrcsc_geom -lz -lm  >&5
configure:4691: $? = 0
configure:4700: result: yes
configure:4711: checking for main in -lrcsc_param
configure:4730: g++ -o conftest -g -O2  -I/usr/include  -L/usr/lib64 conftest.cpp -lrcsc_param  -lrcsc_gz -lrcsc_rcg -lrcsc_geom -lz -lm  >&5
configure:4730: $? = 0
configure:4739: result: yes
configure:4747: checking for main in -lrcsc_time
configure:4766: g++ -o conftest -g -O2  -I/usr/include  -L/usr/lib64 conftest.cpp -lrcsc_time  -lrcsc_param -lrcsc_gz -lrcsc_rcg -lrcsc_geom -lz -lm  >&5
configure:4766: $? = 0
configure:4775: result: yes
configure:4783: checking for main in -lrcsc_net
configure:4802: g++ -o conftest -g -O2  -I/usr/include  -L/usr/lib64 conftest.cpp -lrcsc_net  -lrcsc_time -lrcsc_param -lrcsc_gz -lrcsc_rcg -lrcsc_geom -lz -lm  >&5
configure:4802: $? = 0
configure:4811: result: yes
configure:4819: checking for main in -lrcsc_ann
configure:4838: g++ -o conftest -g -O2  -I/usr/include  -L/usr/lib64 conftest.cpp -lrcsc_ann  -lrcsc_net -lrcsc_time -lrcsc_param -lrcsc_gz -lrcsc_rcg -lrcsc_geom -lz -lm  >&5
configure:4838: $? = 0
configure:4847: result: yes
configure:4855: checking for main in -lrcsc_agent
configure:4874: g++ -o conftest -g -O2  -I/usr/include  -L/usr/lib64 conftest.cpp -lrcsc_agent  -lrcsc_ann -lrcsc_net -lrcsc_time -lrcsc_param -lrcsc_gz -lrcsc_rcg -lrcsc_geom -lz -lm  >&5
configure:4874: $? = 0
configure:4883: result: yes
configure:4899: checking how to run the C++ preprocessor
configure:4926: g++ -E  -I/usr/include conftest.cpp
configure:4926: $? = 0
configure:4940: g++ -E  -I/usr/include conftest.cpp
conftest.cpp:14:28: fatal error: ac_nonexistent.h: No such file or directory
compilation terminated.
configure:4940: $? = 1
configure: failed program was:
| /* confdefs.h */
| #define PACKAGE_NAME "agent2d"
| #define PACKAGE_TARNAME "agent2d"
| #define PACKAGE_VERSION "3.1.0"
| #define PACKAGE_STRING "agent2d 3.1.0"
| #define PACKAGE_BUGREPORT "akky@users.sourceforge.jp"
| #define PACKAGE_URL ""
| #define PACKAGE "agent2d"
| #define VERSION "3.1.0"
| #define HAVE_BOOST /**/
| #define HAVE_LIBZ 1
| #define HAVE_LIBRCSC_GZ 1
| /* end confdefs.h.  */
| #include <ac_nonexistent.h>
configure:4965: result: g++ -E
configure:4985: g++ -E  -I/usr/include conftest.cpp
configure:4985: $? = 0
configure:4999: g++ -E  -I/usr/include conftest.cpp
conftest.cpp:14:28: fatal error: ac_nonexistent.h: No such file or directory
compilation terminated.
configure:4999: $? = 1
configure: failed program was:
| /* confdefs.h */
| #define PACKAGE_NAME "agent2d"
| #define PACKAGE_TARNAME "agent2d"
| #define PACKAGE_VERSION "3.1.0"
| #define PACKAGE_STRING "agent2d 3.1.0"
| #define PACKAGE_BUGREPORT "akky@users.sourceforge.jp"
| #define PACKAGE_URL ""
| #define PACKAGE "agent2d"
| #define VERSION "3.1.0"
| #define HAVE_BOOST /**/
| #define HAVE_LIBZ 1
| #define HAVE_LIBRCSC_GZ 1
| /* end confdefs.h.  */
| #include <ac_nonexistent.h>
configure:5028: checking for grep that handles long lines and -e
configure:5086: result: /bin/grep
configure:5091: checking for egrep
configure:5153: result: /bin/grep -E
configure:5158: checking for ANSI C header files
configure:5178: g++ -c -g -O2  -I/usr/include conftest.cpp >&5
configure:5178: $? = 0
configure:5251: g++ -o conftest -g -O2  -I/usr/include  -L/usr/lib64 conftest.cpp -lrcsc_agent -lrcsc_ann -lrcsc_net -lrcsc_time -lrcsc_param -lrcsc_gz -lrcsc_rcg -lrcsc_geom -lz -lm  >&5
configure:5251: $? = 0
configure:5251: ./conftest
configure:5251: $? = 0
configure:5262: result: yes
configure:5275: checking for sys/types.h
configure:5275: g++ -c -g -O2  -I/usr/include conftest.cpp >&5
configure:5275: $? = 0
configure:5275: result: yes
configure:5275: checking for sys/stat.h
configure:5275: g++ -c -g -O2  -I/usr/include conftest.cpp >&5
configure:5275: $? = 0
configure:5275: result: yes
configure:5275: checking for stdlib.h
configure:5275: g++ -c -g -O2  -I/usr/include conftest.cpp >&5
configure:5275: $? = 0
configure:5275: result: yes
configure:5275: checking for string.h
configure:5275: g++ -c -g -O2  -I/usr/include conftest.cpp >&5
configure:5275: $? = 0
configure:5275: result: yes
configure:5275: checking for memory.h
configure:5275: g++ -c -g -O2  -I/usr/include conftest.cpp >&5
configure:5275: $? = 0
configure:5275: result: yes
configure:5275: checking for strings.h
configure:5275: g++ -c -g -O2  -I/usr/include conftest.cpp >&5
configure:5275: $? = 0
configure:5275: result: yes
configure:5275: checking for inttypes.h
configure:5275: g++ -c -g -O2  -I/usr/include conftest.cpp >&5
configure:5275: $? = 0
configure:5275: result: yes
configure:5275: checking for stdint.h
configure:5275: g++ -c -g -O2  -I/usr/include conftest.cpp >&5
configure:5275: $? = 0
configure:5275: result: yes
configure:5275: checking for unistd.h
configure:5275: g++ -c -g -O2  -I/usr/include conftest.cpp >&5
configure:5275: $? = 0
configure:5275: result: yes
configure:5289: checking rcsc/types.h usability
configure:5289: g++ -c -g -O2  -I/usr/include conftest.cpp >&5
configure:5289: $? = 0
configure:5289: result: yes
configure:5289: checking rcsc/types.h presence
configure:5289: g++ -E  -I/usr/include conftest.cpp
configure:5289: $? = 0
configure:5289: result: yes
configure:5289: checking for rcsc/types.h
configure:5289: result: yes
configure:5302: checking for stdbool.h that conforms to C99
configure:5387: g++ -c -g -O2  -I/usr/include conftest.cpp >&5
configure:5387: $? = 0
configure:5394: result: yes
configure:5396: checking for _Bool
configure:5396: g++ -c -g -O2  -I/usr/include conftest.cpp >&5
conftest.cpp: In function 'int main()':
conftest.cpp:61:13: error: '_Bool' was not declared in this scope
 if (sizeof (_Bool))
             ^
configure:5396: $? = 1
configure: failed program was:
| /* confdefs.h */
| #define PACKAGE_NAME "agent2d"
| #define PACKAGE_TARNAME "agent2d"
| #define PACKAGE_VERSION "3.1.0"
| #define PACKAGE_STRING "agent2d 3.1.0"
| #define PACKAGE_BUGREPORT "akky@users.sourceforge.jp"
| #define PACKAGE_URL ""
| #define PACKAGE "agent2d"
| #define VERSION "3.1.0"
| #define HAVE_BOOST /**/
| #define HAVE_LIBZ 1
| #define HAVE_LIBRCSC_GZ 1
| #define STDC_HEADERS 1
| #define HAVE_SYS_TYPES_H 1
| #define HAVE_SYS_STAT_H 1
| #define HAVE_STDLIB_H 1
| #define HAVE_STRING_H 1
| #define HAVE_MEMORY_H 1
| #define HAVE_STRINGS_H 1
| #define HAVE_INTTYPES_H 1
| #define HAVE_STDINT_H 1
| #define HAVE_UNISTD_H 1
| #define HAVE_RCSC_TYPES_H 1
| /* end confdefs.h.  */
| #include <stdio.h>
| #ifdef HAVE_SYS_TYPES_H
| # include <sys/types.h>
| #endif
| #ifdef HAVE_SYS_STAT_H
| # include <sys/stat.h>
| #endif
| #ifdef STDC_HEADERS
| # include <stdlib.h>
| # include <stddef.h>
| #else
| # ifdef HAVE_STDLIB_H
| #  include <stdlib.h>
| # endif
| #endif
| #ifdef HAVE_STRING_H
| # if !defined STDC_HEADERS && defined HAVE_MEMORY_H
| #  include <memory.h>
| # endif
| # include <string.h>
| #endif
| #ifdef HAVE_STRINGS_H
| # include <strings.h>
| #endif
| #ifdef HAVE_INTTYPES_H
| # include <inttypes.h>
| #endif
| #ifdef HAVE_STDINT_H
| # include <stdint.h>
| #endif
| #ifdef HAVE_UNISTD_H
| # include <unistd.h>
| #endif
| int
| main ()
| {
| if (sizeof (_Bool))
| 	 return 0;
|   ;
|   return 0;
| }
configure:5396: result: no
configure:5412: checking for an ANSI C-conforming const
configure:5477: g++ -c -g -O2  -I/usr/include conftest.cpp >&5
configure:5477: $? = 0
configure:5484: result: yes
configure:5492: checking for inline
configure:5508: g++ -c -g -O2  -I/usr/include conftest.cpp >&5
configure:5508: $? = 0
configure:5516: result: inline
configure:5534: checking for size_t
configure:5534: g++ -c -g -O2  -I/usr/include conftest.cpp >&5
configure:5534: $? = 0
configure:5534: g++ -c -g -O2  -I/usr/include conftest.cpp >&5
conftest.cpp: In function 'int main()':
conftest.cpp:62:20: error: expected primary-expression before ')' token
 if (sizeof ((size_t)))
                    ^
configure:5534: $? = 1
configure: failed program was:
| /* confdefs.h */
| #define PACKAGE_NAME "agent2d"
| #define PACKAGE_TARNAME "agent2d"
| #define PACKAGE_VERSION "3.1.0"
| #define PACKAGE_STRING "agent2d 3.1.0"
| #define PACKAGE_BUGREPORT "akky@users.sourceforge.jp"
| #define PACKAGE_URL ""
| #define PACKAGE "agent2d"
| #define VERSION "3.1.0"
| #define HAVE_BOOST /**/
| #define HAVE_LIBZ 1
| #define HAVE_LIBRCSC_GZ 1
| #define STDC_HEADERS 1
| #define HAVE_SYS_TYPES_H 1
| #define HAVE_SYS_STAT_H 1
| #define HAVE_STDLIB_H 1
| #define HAVE_STRING_H 1
| #define HAVE_MEMORY_H 1
| #define HAVE_STRINGS_H 1
| #define HAVE_INTTYPES_H 1
| #define HAVE_STDINT_H 1
| #define HAVE_UNISTD_H 1
| #define HAVE_RCSC_TYPES_H 1
| #define HAVE_STDBOOL_H 1
| /* end confdefs.h.  */
| #include <stdio.h>
| #ifdef HAVE_SYS_TYPES_H
| # include <sys/types.h>
| #endif
| #ifdef HAVE_SYS_STAT_H
| # include <sys/stat.h>
| #endif
| #ifdef STDC_HEADERS
| # include <stdlib.h>
| # include <stddef.h>
| #else
| # ifdef HAVE_STDLIB_H
| #  include <stdlib.h>
| # endif
| #endif
| #ifdef HAVE_STRING_H
| # if !defined STDC_HEADERS && defined HAVE_MEMORY_H
| #  include <memory.h>
| # endif
| # include <string.h>
| #endif
| #ifdef HAVE_STRINGS_H
| # include <strings.h>
| #endif
| #ifdef HAVE_INTTYPES_H
| # include <inttypes.h>
| #endif
| #ifdef HAVE_STDINT_H
| # include <stdint.h>
| #endif
| #ifdef HAVE_UNISTD_H
| # include <unistd.h>
| #endif
| int
| main ()
| {
| if (sizeof ((size_t)))
| 	    return 0;
|   ;
|   return 0;
| }
configure:5534: result: yes
configure:5545: checking whether time.h and sys/time.h may both be included
configure:5565: g++ -c -g -O2  -I/usr/include conftest.cpp >&5
configure:5565: $? = 0
configure:5572: result: yes
configure:5597: checking for ANSI C header files
configure:5701: result: yes
configure:5712: checking for floor
configure:5712: g++ -o conftest -g -O2  -I/usr/include  -L/usr/lib64 conftest.cpp -lrcsc_agent -lrcsc_ann -lrcsc_net -lrcsc_time -lrcsc_param -lrcsc_gz -lrcsc_rcg -lrcsc_geom -lz -lm  >&5
configure:5712: $? = 0
configure:5712: result: yes
configure:5712: checking for pow
configure:5712: g++ -o conftest -g -O2  -I/usr/include  -L/usr/lib64 conftest.cpp -lrcsc_agent -lrcsc_ann -lrcsc_net -lrcsc_time -lrcsc_param -lrcsc_gz -lrcsc_rcg -lrcsc_geom -lz -lm  >&5
configure:5712: $? = 0
configure:5712: result: yes
configure:5712: checking for sqrt
configure:5712: g++ -o conftest -g -O2  -I/usr/include  -L/usr/lib64 conftest.cpp -lrcsc_agent -lrcsc_ann -lrcsc_net -lrcsc_time -lrcsc_param -lrcsc_gz -lrcsc_rcg -lrcsc_geom -lz -lm  >&5
configure:5712: $? = 0
configure:5712: result: yes
configure:5712: checking for strerror
configure:5712: g++ -o conftest -g -O2  -I/usr/include  -L/usr/lib64 conftest.cpp -lrcsc_agent -lrcsc_ann -lrcsc_net -lrcsc_time -lrcsc_param -lrcsc_gz -lrcsc_rcg -lrcsc_geom -lz -lm  >&5
configure:5712: $? = 0
configure:5712: result: yes
configure:5847: creating ./config.status

## ---------------------- ##
## Running config.status. ##
## ---------------------- ##

This file was extended by agent2d config.status 3.1.0, which was
generated by GNU Autoconf 2.67.  Invocation command line was

  CONFIG_FILES    = 
  CONFIG_HEADERS  = 
  CONFIG_LINKS    = 
  CONFIG_COMMANDS = 
  $ ./config.status 

on ubuntu

config.status:882: creating Makefile
config.status:882: creating src/Makefile
config.status:882: creating src/start.sh
config.status:882: creating src/keepaway.sh
config.status:882: creating src/train.sh
config.status:882: creating config.h
config.status:1062: config.h is unchanged
config.status:1110: executing depfiles commands

## ---------------- ##
## Cache variables. ##
## ---------------- ##

ac_cv_c_compiler_gnu=yes
ac_cv_c_const=yes
ac_cv_c_inline=inline
ac_cv_cxx_compiler_gnu=yes
ac_cv_env_CCC_set=
ac_cv_env_CCC_value=
ac_cv_env_CC_set=
ac_cv_env_CC_value=
ac_cv_env_CFLAGS_set=
ac_cv_env_CFLAGS_value=
ac_cv_env_CPPFLAGS_set=
ac_cv_env_CPPFLAGS_value=
ac_cv_env_CXXCPP_set=
ac_cv_env_CXXCPP_value=
ac_cv_env_CXXFLAGS_set=
ac_cv_env_CXXFLAGS_value=
ac_cv_env_CXX_set=
ac_cv_env_CXX_value=
ac_cv_env_LDFLAGS_set=
ac_cv_env_LDFLAGS_value=
ac_cv_env_LIBS_set=
ac_cv_env_LIBS_value=
ac_cv_env_build_alias_set=
ac_cv_env_build_alias_value=
ac_cv_env_host_alias_set=
ac_cv_env_host_alias_value=
ac_cv_env_target_alias_set=
ac_cv_env_target_alias_value=
ac_cv_func_floor=yes
ac_cv_func_pow=yes
ac_cv_func_sqrt=yes
ac_cv_func_strerror=yes
ac_cv_header_inttypes_h=yes
ac_cv_header_memory_h=yes
ac_cv_header_rcsc_types_h=yes
ac_cv_header_stdbool_h=yes
ac_cv_header_stdc=yes
ac_cv_header_stdint_h=yes
ac_cv_header_stdlib_h=yes
ac_cv_header_string_h=yes
ac_cv_header_strings_h=yes
ac_cv_header_sys_stat_h=yes
ac_cv_header_sys_types_h=yes
ac_cv_header_time=yes
ac_cv_header_unistd_h=yes
ac_cv_lib_m_cos=yes
ac_cv_lib_rcsc_agent_main=yes
ac_cv_lib_rcsc_ann_main=yes
ac_cv_lib_rcsc_geom_main=yes
ac_cv_lib_rcsc_gz_main=yes
ac_cv_lib_rcsc_net_main=yes
ac_cv_lib_rcsc_param_main=yes
ac_cv_lib_rcsc_rcg_main=yes
ac_cv_lib_rcsc_time_main=yes
ac_cv_lib_z_deflate=yes
ac_cv_objext=o
ac_cv_path_EGREP='/bin/grep -E'
ac_cv_path_GREP=/bin/grep
ac_cv_path_install='/usr/bin/install -c'
ac_cv_path_mkdir=/bin/mkdir
ac_cv_prog_AWK=mawk
ac_cv_prog_CXXCPP='g++ -E'
ac_cv_prog_ac_ct_CC=gcc
ac_cv_prog_ac_ct_CXX=g++
ac_cv_prog_ac_ct_RANLIB=ranlib
ac_cv_prog_cc_c89=
ac_cv_prog_cc_g=yes
ac_cv_prog_cxx_g=yes
ac_cv_prog_make_make_set=yes
ac_cv_type__Bool=no
ac_cv_type_size_t=yes
am_cv_CC_dependencies_compiler_type=gcc3
am_cv_CXX_dependencies_compiler_type=gcc3

## ----------------- ##
## Output variables. ##
## ----------------- ##

ACLOCAL='${SHELL} /home/cza/csu2018/Yunlu2018_a/config/missing --run aclocal-1.11'
AMDEPBACKSLASH='\'
AMDEP_FALSE='#'
AMDEP_TRUE=''
AMTAR='${SHELL} /home/cza/csu2018/Yunlu2018_a/config/missing --run tar'
AUTOCONF='${SHELL} /home/cza/csu2018/Yunlu2018_a/config/missing --run autoconf'
AUTOHEADER='${SHELL} /home/cza/csu2018/Yunlu2018_a/config/missing --run autoheader'
AUTOMAKE='${SHELL} /home/cza/csu2018/Yunlu2018_a/config/missing --run automake-1.11'
AWK='mawk'
BOOST_CPPFLAGS='-I/usr/include'
BOOST_LDFLAGS='-L/usr/lib64'
CC='gcc'
CCDEPMODE='depmode=gcc3'
CFLAGS='-g -O2'
CPPFLAGS=' -I/usr/include'
CXX='g++'
CXXCPP='g++ -E'
CXXDEPMODE='depmode=gcc3'
CXXFLAGS='-g -O2'
CYGPATH_W='echo'
DEFS='-DHAVE_CONFIG_H'
DEPDIR='.deps'
ECHO_C=''
ECHO_N='-n'
ECHO_T=''
EGREP='/bin/grep -E'
EXEEXT=''
GREP='/bin/grep'
INSTALL_DATA='${INSTALL} -m 644'
INSTALL_PROGRAM='${INSTALL}'
INSTALL_SCRIPT='${INSTALL}'
INSTALL_STRIP_PROGRAM='$(install_sh) -c -s'
LDFLAGS=' -L/usr/lib64'
LIBOBJS=''
LIBRCSCLIB='/usr/local/lib'
LIBS='-lrcsc_agent -lrcsc_ann -lrcsc_net -lrcsc_time -lrcsc_param -lrcsc_gz -lrcsc_rcg -lrcsc_geom -lz -lm '
LN_S='ln -s'
LTLIBOBJS=''
MAKEINFO='${SHELL} /home/cza/csu2018/Yunlu2018_a/config/missing --run makeinfo'
MKDIR_P='/bin/mkdir -p'
OBJEXT='o'
PACKAGE='agent2d'
PACKAGE_BUGREPORT='akky@users.sourceforge.jp'
PACKAGE_NAME='agent2d'
PACKAGE_STRING='agent2d 3.1.0'
PACKAGE_TARNAME='agent2d'
PACKAGE_URL=''
PACKAGE_VERSION='3.1.0'
PATH_SEPARATOR=':'
RANLIB='ranlib'
SET_MAKE=''
SHELL='/bin/bash'
STRIP=''
VERSION='3.1.0'
ac_ct_CC='gcc'
ac_ct_CXX='g++'
am__EXEEXT_FALSE=''
am__EXEEXT_TRUE='#'
am__fastdepCC_FALSE='#'
am__fastdepCC_TRUE=''
am__fastdepCXX_FALSE='#'
am__fastdepCXX_TRUE=''
am__include='include'
am__isrc=''
am__leading_dot='.'
am__quote=''
am__tar='${AMTAR} chof - "$$tardir"'
am__untar='${AMTAR} xf -'
bindir='${exec_prefix}/bin'
build_alias=''
datadir='${datarootdir}'
datarootdir='${prefix}/share'
docdir='${datarootdir}/doc/${PACKAGE_TARNAME}'
dvidir='${docdir}'
exec_prefix='${prefix}'
host_alias=''
htmldir='${docdir}'
includedir='${prefix}/include'
infodir='${datarootdir}/info'
install_sh='${SHELL} /home/cza/csu2018/Yunlu2018_a/config/install-sh'
libdir='${exec_prefix}/lib'
libexecdir='${exec_prefix}/libexec'
localedir='${datarootdir}/locale'
localstatedir='${prefix}/var'
mandir='${datarootdir}/man'
mkdir_p='/bin/mkdir -p'
oldincludedir='/usr/include'
pdfdir='${docdir}'
prefix='/usr/local'
program_transform_name='s,x,x,'
psdir='${docdir}'
sbindir='${exec_prefix}/sbin'
sharedstatedir='${prefix}/com'
sysconfdir='${prefix}/etc'
target_alias=''

## ----------- ##
## confdefs.h. ##
## ----------- ##

/* confdefs.h */
#define PACKAGE_NAME "agent2d"
#define PACKAGE_TARNAME "agent2d"
#define PACKAGE_VERSION "3.1.0"
#define PACKAGE_STRING "agent2d 3.1.0"
#define PACKAGE_BUGREPORT "akky@users.sourceforge.jp"
#define PACKAGE_URL ""
#define PACKAGE "agent2d"
#define VERSION "3.1.0"
#define HAVE_BOOST /**/
#define HAVE_LIBZ 1
#define HAVE_LIBRCSC_GZ 1
#define STDC_HEADERS 1
#define HAVE_SYS_TYPES_H 1
#define HAVE_SYS_STAT_H 1
#define HAVE_STDLIB_H 1
#define HAVE_STRING_H 1
#define HAVE_MEMORY_H 1
#define HAVE_STRINGS_H 1
#define HAVE_INTTYPES_H 1
#define HAVE_STDINT_H 1
#define HAVE_UNISTD_H 1
#define HAVE_RCSC_TYPES_H 1
#define HAVE_STDBOOL_H 1
#define TIME_WITH_SYS_TIME 1
#define STDC_HEADERS 1
#define HAVE_FLOOR 1
#define HAVE_POW 1
#define HAVE_SQRT 1
#define HAVE_STRERROR 1

configure: exit 0
